[2024-12-28 23:53:29Z INFO HostContext] No proxy settings were found based on environmental variables (http_proxy/https_proxy/HTTP_PROXY/HTTPS_PROXY)
[2024-12-28 23:53:29Z INFO HostContext] Well known directory 'Bin': '/Users/home/mohsenkoushki.github.io/actions-runner/bin'
[2024-12-28 23:53:29Z INFO HostContext] Well known directory 'Root': '/Users/home/mohsenkoushki.github.io/actions-runner'
[2024-12-28 23:53:29Z INFO HostContext] Well known config file 'Credentials': '/Users/home/mohsenkoushki.github.io/actions-runner/.credentials'
[2024-12-28 23:53:30Z INFO HostContext] Well known directory 'Bin': '/Users/home/mohsenkoushki.github.io/actions-runner/bin'
[2024-12-28 23:53:30Z INFO HostContext] Well known directory 'Root': '/Users/home/mohsenkoushki.github.io/actions-runner'
[2024-12-28 23:53:30Z INFO HostContext] Well known config file 'Runner': '/Users/home/mohsenkoushki.github.io/actions-runner/.runner'
[2024-12-28 23:53:30Z INFO Listener] Runner is built for OSX (Arm64) - osx-arm64.
[2024-12-28 23:53:30Z INFO Listener] RuntimeInformation: Darwin 24.1.0 Darwin Kernel Version 24.1.0: Thu Oct 10 21:02:45 PDT 2024; root:xnu-11215.41.3~2/RELEASE_ARM64_T8112.
[2024-12-28 23:53:30Z INFO Listener] Version: 2.321.0
[2024-12-28 23:53:30Z INFO Listener] Commit: e249007931b7c8e857797fa259c167f0bd4f997a
[2024-12-28 23:53:30Z INFO Listener] Culture: en-US
[2024-12-28 23:53:30Z INFO Listener] UI Culture: en-US
[2024-12-28 23:53:30Z INFO HostContext] Well known directory 'Bin': '/Users/home/mohsenkoushki.github.io/actions-runner/bin'
[2024-12-28 23:53:30Z INFO HostContext] Well known directory 'Root': '/Users/home/mohsenkoushki.github.io/actions-runner'
[2024-12-28 23:53:30Z INFO Listener] Validating directory permissions for: '/Users/home/mohsenkoushki.github.io/actions-runner'
[2024-12-28 23:53:30Z INFO CommandLineParser] Parse
[2024-12-28 23:53:30Z INFO CommandLineParser] Parsing 1 args
[2024-12-28 23:53:30Z INFO CommandLineParser] parsing argument
[2024-12-28 23:53:30Z INFO CommandLineParser] HasArgs: False
[2024-12-28 23:53:30Z INFO CommandLineParser] Adding Command: run
[2024-12-28 23:53:30Z INFO Listener] Arguments parsed
[2024-12-28 23:53:30Z INFO Runner] ExecuteCommand
[2024-12-28 23:53:30Z INFO ConfigurationStore] currentAssemblyLocation: /Users/home/mohsenkoushki.github.io/actions-runner/bin/Runner.Listener.dll
[2024-12-28 23:53:30Z INFO HostContext] Well known directory 'Bin': '/Users/home/mohsenkoushki.github.io/actions-runner/bin'
[2024-12-28 23:53:30Z INFO ConfigurationStore] binPath: /Users/home/mohsenkoushki.github.io/actions-runner/bin
[2024-12-28 23:53:30Z INFO HostContext] Well known directory 'Bin': '/Users/home/mohsenkoushki.github.io/actions-runner/bin'
[2024-12-28 23:53:30Z INFO HostContext] Well known directory 'Root': '/Users/home/mohsenkoushki.github.io/actions-runner'
[2024-12-28 23:53:30Z INFO ConfigurationStore] RootFolder: /Users/home/mohsenkoushki.github.io/actions-runner
[2024-12-28 23:53:30Z INFO HostContext] Well known directory 'Bin': '/Users/home/mohsenkoushki.github.io/actions-runner/bin'
[2024-12-28 23:53:30Z INFO HostContext] Well known directory 'Root': '/Users/home/mohsenkoushki.github.io/actions-runner'
[2024-12-28 23:53:30Z INFO HostContext] Well known config file 'Runner': '/Users/home/mohsenkoushki.github.io/actions-runner/.runner'
[2024-12-28 23:53:30Z INFO ConfigurationStore] ConfigFilePath: /Users/home/mohsenkoushki.github.io/actions-runner/.runner
[2024-12-28 23:53:30Z INFO HostContext] Well known directory 'Bin': '/Users/home/mohsenkoushki.github.io/actions-runner/bin'
[2024-12-28 23:53:30Z INFO HostContext] Well known directory 'Root': '/Users/home/mohsenkoushki.github.io/actions-runner'
[2024-12-28 23:53:30Z INFO HostContext] Well known config file 'Credentials': '/Users/home/mohsenkoushki.github.io/actions-runner/.credentials'
[2024-12-28 23:53:30Z INFO ConfigurationStore] CredFilePath: /Users/home/mohsenkoushki.github.io/actions-runner/.credentials
[2024-12-28 23:53:30Z INFO HostContext] Well known directory 'Bin': '/Users/home/mohsenkoushki.github.io/actions-runner/bin'
[2024-12-28 23:53:30Z INFO HostContext] Well known directory 'Root': '/Users/home/mohsenkoushki.github.io/actions-runner'
[2024-12-28 23:53:30Z INFO HostContext] Well known config file 'MigratedCredentials': '/Users/home/mohsenkoushki.github.io/actions-runner/.credentials_migrated'
[2024-12-28 23:53:30Z INFO ConfigurationStore] MigratedCredFilePath: /Users/home/mohsenkoushki.github.io/actions-runner/.credentials_migrated
[2024-12-28 23:53:30Z INFO HostContext] Well known directory 'Bin': '/Users/home/mohsenkoushki.github.io/actions-runner/bin'
[2024-12-28 23:53:30Z INFO HostContext] Well known directory 'Root': '/Users/home/mohsenkoushki.github.io/actions-runner'
[2024-12-28 23:53:30Z INFO HostContext] Well known config file 'Service': '/Users/home/mohsenkoushki.github.io/actions-runner/.service'
[2024-12-28 23:53:30Z INFO ConfigurationStore] ServiceConfigFilePath: /Users/home/mohsenkoushki.github.io/actions-runner/.service
[2024-12-28 23:53:30Z INFO CommandSettings] Flag 'help': 'False'
[2024-12-28 23:53:30Z INFO CommandSettings] Flag 'version': 'False'
[2024-12-28 23:53:30Z INFO CommandSettings] Flag 'commit': 'False'
[2024-12-28 23:53:30Z INFO CommandSettings] Flag 'check': 'False'
[2024-12-28 23:53:30Z INFO CommandSettings] Command 'configure': 'False'
[2024-12-28 23:53:30Z INFO CommandSettings] Command 'remove': 'False'
[2024-12-28 23:53:30Z INFO CommandSettings] Command 'warmup': 'False'
[2024-12-28 23:53:30Z INFO ConfigurationManager] LoadSettings
[2024-12-28 23:53:30Z INFO ConfigurationStore] IsConfigured()
[2024-12-28 23:53:30Z INFO ConfigurationStore] IsConfigured: False
[2024-12-28 23:53:30Z INFO ConfigurationManager] Is configured: False
[2024-12-28 23:53:30Z ERR  Terminal] WRITE ERROR: An error occurred: Not configured. Run config.(sh/cmd) to configure the runner.
[2024-12-28 23:53:30Z ERR  Listener] GitHub.Runner.Common.NonRetryableException: Not configured. Run config.(sh/cmd) to configure the runner.
   at GitHub.Runner.Listener.Configuration.ConfigurationManager.LoadSettings()
   at GitHub.Runner.Listener.Runner.ExecuteCommand(CommandSettings command)
   at GitHub.Runner.Listener.Program.MainAsync(IHostContext context, String[] args)
